[ 2025-06-20 10:47:54,421 ] 1025 httpx - INFO - HTTP Request: GET https://dagshub.com/api/v1/user "HTTP/1.1 200 OK"
[ 2025-06-20 10:47:54,436 ] 107 dagshub - INFO - Accessing as pranabmir1994
[ 2025-06-20 10:47:54,808 ] 1025 httpx - INFO - HTTP Request: GET https://dagshub.com/api/v1/repos/pranabmir1994/NetworkSecurityProj "HTTP/1.1 200 OK"
[ 2025-06-20 10:47:55,166 ] 1025 httpx - INFO - HTTP Request: GET https://dagshub.com/api/v1/user "HTTP/1.1 200 OK"
[ 2025-06-20 10:47:55,166 ] 107 dagshub - INFO - Initialized MLflow to track repo "pranabmir1994/NetworkSecurityProj"
[ 2025-06-20 10:47:55,181 ] 107 dagshub - INFO - Repository pranabmir1994/NetworkSecurityProj initialized!
[ 2025-06-20 10:48:00,217 ] 42 root - INFO - Start data Ingestion
[ 2025-06-20 10:48:21,176 ] 61 root - INFO - Performed train test split on the dataframe
[ 2025-06-20 10:48:21,177 ] 63 root - INFO - Exited split_data_as_train_test method of Data_Ingestion class
[ 2025-06-20 10:48:21,178 ] 71 root - INFO - Exporting train and test file path.
[ 2025-06-20 10:48:21,178 ] 80 root - INFO - Exported train and test file path.
[ 2025-06-20 10:48:21,178 ] 45 root - INFO - Data Ingestion completed and artifact: DataIngestionArtifact(trained_file_path='Artifacts\\06_20_2025_10_47_52\\data_ingestion\\ingested\\train.csv', test_file_path='Artifacts\\06_20_2025_10_47_52\\data_ingestion\\ingested\\test.csv')
[ 2025-06-20 10:48:21,178 ] 55 root - INFO - Initiate the data Validation
[ 2025-06-20 10:48:21,193 ] 32 root - INFO - Required number of columns:2
[ 2025-06-20 10:48:21,193 ] 33 root - INFO - Data frame has columns:31
[ 2025-06-20 10:48:21,193 ] 32 root - INFO - Required number of columns:2
[ 2025-06-20 10:48:21,193 ] 33 root - INFO - Data frame has columns:31
[ 2025-06-20 10:48:21,210 ] 63 root - INFO - Entered initiate_data_transformation method of DataTransformation class
[ 2025-06-20 10:48:21,210 ] 65 root - INFO - Starting data transformation
[ 2025-06-20 10:48:21,227 ] 48 root - INFO - Entered get_data_trnasformer_object method of Trnasformation class
[ 2025-06-20 10:48:21,227 ] 53 root - INFO - Initialise KNNImputer with {'missing_values': nan, 'n_neighbors': 3, 'weights': 'uniform'}
[ 2025-06-20 10:48:21,227 ] 46 root - INFO - Entered the save_object method of MainUtils class
[ 2025-06-20 10:48:21,227 ] 50 root - INFO - Exited the save_object method of MainUtils class
[ 2025-06-20 10:48:21,227 ] 46 root - INFO - Entered the save_object method of MainUtils class
[ 2025-06-20 10:48:21,227 ] 50 root - INFO - Exited the save_object method of MainUtils class
[ 2025-06-20 10:49:47,381 ] 46 root - INFO - Entered the save_object method of MainUtils class
[ 2025-06-20 10:49:47,381 ] 50 root - INFO - Exited the save_object method of MainUtils class
[ 2025-06-20 10:49:47,381 ] 46 root - INFO - Entered the save_object method of MainUtils class
[ 2025-06-20 10:49:47,398 ] 50 root - INFO - Exited the save_object method of MainUtils class
[ 2025-06-20 10:49:47,398 ] 153 root - INFO - Model trainer artifact: ModelTrainerArtifact(trained_model_file_path='Artifacts\\06_20_2025_10_47_52\\model_trainer\\trained_model\\model.pkl', train_metric_artifact=ClassificationMetricArtifact(f1_score=1.0, precision_score=1.0, recall_score=1.0), test_metric_artifact=ClassificationMetricArtifact(f1_score=0.9166666666666666, precision_score=1.0, recall_score=0.8461538461538461))
